# JRE version: OpenJDK Runtime Environment Temurin-21.0.10+7 (21.0.10+7) (build 21.0.10+7-LTS)
# Java VM: OpenJDK 64-Bit Server VM Temurin-21.0.10+7 (21.0.10+7-LTS, mixed mode, sharing, tiered, compressed oops, compressed class ptrs, parallel gc, windows-amd64)
GC Precious Log:
 CardTable entry size: 512
 CPUs: 12 total, 12 available
 Memory: 15676M
 Large Page Support: Disabled
 NUMA Support: Disabled
 Compressed Oops: Enabled (32-bit)
 Alignments: Space 512K, Generation 512K, Heap 2M
 Heap Min Capacity: 100M
 Heap Initial Capacity: 100M
 Heap Max Capacity: 2G
 Pre-touch: Disabled
 Parallel Workers: 10
Heap:
 PSYoungGen      total 13824K, used 8114K [0x00000000d5580000, 0x00000000d6700000, 0x0000000100000000)
  eden space 11776K, 53% used [0x00000000d5580000,0x00000000d5bb0188,0x00000000d6100000)
  from space 2048K, 86% used [0x00000000d6500000,0x00000000d66bc870,0x00000000d6700000)
  to   space 2560K, 0% used [0x00000000d6200000,0x00000000d6200000,0x00000000d6480000)
 ParOldGen       total 97280K, used 96782K [0x0000000080000000, 0x0000000085f00000, 0x00000000d5580000)
  object space 97280K, 99% used [0x0000000080000000,0x0000000085e83b08,0x0000000085f00000)
 Metaspace       used 71660K, committed 73216K, reserved 1114112K
  class space    used 7530K, committed 8192K, reserved 1048576K
GC Heap History (20 events):
Event: 88.974 GC heap before
{Heap before GC invocations=109 (full 3):
 PSYoungGen      total 17408K, used 16768K [0x00000000d5580000, 0x00000000d6700000, 0x0000000100000000)
  eden space 16384K, 100% used [0x00000000d5580000,0x00000000d6580000,0x00000000d6580000)
  from space 1024K, 37% used [0x00000000d6580000,0x00000000d65e0000,0x00000000d6680000)
  to   space 512K, 0% used [0x00000000d6680000,0x00000000d6680000,0x00000000d6700000)
 ParOldGen       total 84992K, used 84836K [0x0000000080000000, 0x0000000085300000, 0x00000000d5580000)
  object space 84992K, 99% used [0x0000000080000000,0x00000000852d92e0,0x0000000085300000)
 Metaspace       used 66098K, committed 67584K, reserved 1114112K
  class space    used 7078K, committed 7680K, reserved 1048576K
}
Event: 88.975 GC heap after
{Heap after GC invocations=109 (full 3):
 PSYoungGen      total 16896K, used 448K [0x00000000d5580000, 0x00000000d6700000, 0x0000000100000000)
  eden space 16384K, 0% used [0x00000000d5580000,0x00000000d5580000,0x00000000d6580000)
  from space 512K, 87% used [0x00000000d6680000,0x00000000d66f0000,0x00000000d6700000)
  to   space 512K, 0% used [0x00000000d6600000,0x00000000d6600000,0x00000000d6680000)
 ParOldGen       total 85504K, used 85092K [0x0000000080000000, 0x0000000085380000, 0x00000000d5580000)
  object space 85504K, 99% used [0x0000000080000000,0x00000000853192e0,0x0000000085380000)
 Metaspace       used 66098K, committed 67584K, reserved 1114112K
  class space    used 7078K, committed 7680K, reserved 1048576K
}
Event: 88.994 GC heap before
{Heap before GC invocations=110 (full 3):
 PSYoungGen      total 16896K, used 16832K [0x00000000d5580000, 0x00000000d6700000, 0x0000000100000000)
  eden space 16384K, 100% used [0x00000000d5580000,0x00000000d6580000,0x00000000d6580000)
  from space 512K, 87% used [0x00000000d6680000,0x00000000d66f0000,0x00000000d6700000)
  to   space 512K, 0% used [0x00000000d6600000,0x00000000d6600000,0x00000000d6680000)
 ParOldGen       total 85504K, used 85092K [0x0000000080000000, 0x0000000085380000, 0x00000000d5580000)
  object space 85504K, 99% used [0x0000000080000000,0x00000000853192e0,0x0000000085380000)
 Metaspace       used 66105K, committed 67584K, reserved 1114112K
  class space    used 7078K, committed 7680K, reserved 1048576K
}
Event: 88.995 GC heap after
{Heap after GC invocations=110 (full 3):
 PSYoungGen      total 16896K, used 448K [0x00000000d5580000, 0x00000000d6700000, 0x0000000100000000)
  eden space 16384K, 0% used [0x00000000d5580000,0x00000000d5580000,0x00000000d6580000)
  from space 512K, 87% used [0x00000000d6600000,0x00000000d6670000,0x00000000d6680000)
  to   space 512K, 0% used [0x00000000d6680000,0x00000000d6680000,0x00000000d6700000)
 ParOldGen       total 85504K, used 85332K [0x0000000080000000, 0x0000000085380000, 0x00000000d5580000)
  object space 85504K, 99% used [0x0000000080000000,0x00000000853552e0,0x0000000085380000)
 Metaspace       used 66105K, committed 67584K, reserved 1114112K
  class space    used 7078K, committed 7680K, reserved 1048576K
}
Event: 89.015 GC heap before
{Heap before GC invocations=111 (full 3):
 PSYoungGen      total 16896K, used 16832K [0x00000000d5580000, 0x00000000d6700000, 0x0000000100000000)
  eden space 16384K, 100% used [0x00000000d5580000,0x00000000d6580000,0x00000000d6580000)
  from space 512K, 87% used [0x00000000d6600000,0x00000000d6670000,0x00000000d6680000)
  to   space 512K, 0% used [0x00000000d6680000,0x00000000d6680000,0x00000000d6700000)
 ParOldGen       total 85504K, used 85332K [0x0000000080000000, 0x0000000085380000, 0x00000000d5580000)
  object space 85504K, 99% used [0x0000000080000000,0x00000000853552e0,0x0000000085380000)
 Metaspace       used 66113K, committed 67648K, reserved 1114112K
  class space    used 7078K, committed 7680K, reserved 1048576K
}
Event: 89.017 GC heap after
{Heap after GC invocations=111 (full 3):
 PSYoungGen      total 16896K, used 384K [0x00000000d5580000, 0x00000000d6700000, 0x0000000100000000)
  eden space 16384K, 0% used [0x00000000d5580000,0x00000000d5580000,0x00000000d6580000)
  from space 512K, 75% used [0x00000000d6680000,0x00000000d66e0000,0x00000000d6700000)
  to   space 512K, 0% used [0x00000000d6600000,0x00000000d6600000,0x00000000d6680000)
 ParOldGen       total 86528K, used 86419K [0x0000000080000000, 0x0000000085480000, 0x00000000d5580000)
  object space 86528K, 99% used [0x0000000080000000,0x0000000085464dd0,0x0000000085480000)
 Metaspace       used 66113K, committed 67648K, reserved 1114112K
  class space    used 7078K, committed 7680K, reserved 1048576K
}
Event: 89.032 GC heap before
{Heap before GC invocations=112 (full 3):
 PSYoungGen      total 16896K, used 16768K [0x00000000d5580000, 0x00000000d6700000, 0x0000000100000000)
  eden space 16384K, 100% used [0x00000000d5580000,0x00000000d6580000,0x00000000d6580000)
  from space 512K, 75% used [0x00000000d6680000,0x00000000d66e0000,0x00000000d6700000)
  to   space 512K, 0% used [0x00000000d6600000,0x00000000d6600000,0x00000000d6680000)
 ParOldGen       total 86528K, used 86419K [0x0000000080000000, 0x0000000085480000, 0x00000000d5580000)
  object space 86528K, 99% used [0x0000000080000000,0x0000000085464dd0,0x0000000085480000)
 Metaspace       used 66115K, committed 67648K, reserved 1114112K
  class space    used 7078K, committed 7680K, reserved 1048576K
}
Event: 89.033 GC heap after
{Heap after GC invocations=112 (full 3):
 PSYoungGen      total 16896K, used 416K [0x00000000d5580000, 0x00000000d6700000, 0x0000000100000000)
  eden space 16384K, 0% used [0x00000000d5580000,0x00000000d5580000,0x00000000d6580000)
  from space 512K, 81% used [0x00000000d6600000,0x00000000d6668000,0x00000000d6680000)
  to   space 512K, 0% used [0x00000000d6680000,0x00000000d6680000,0x00000000d6700000)
 ParOldGen       total 87040K, used 86571K [0x0000000080000000, 0x0000000085500000, 0x00000000d5580000)
  object space 87040K, 99% used [0x0000000080000000,0x000000008548add0,0x0000000085500000)
 Metaspace       used 66115K, committed 67648K, reserved 1114112K
  class space    used 7078K, committed 7680K, reserved 1048576K
}
Event: 89.049 GC heap before
{Heap before GC invocations=113 (full 3):
 PSYoungGen      total 16896K, used 16800K [0x00000000d5580000, 0x00000000d6700000, 0x0000000100000000)
  eden space 16384K, 100% used [0x00000000d5580000,0x00000000d6580000,0x00000000d6580000)
  from space 512K, 81% used [0x00000000d6600000,0x00000000d6668000,0x00000000d6680000)
  to   space 512K, 0% used [0x00000000d6680000,0x00000000d6680000,0x00000000d6700000)
 ParOldGen       total 87040K, used 86571K [0x0000000080000000, 0x0000000085500000, 0x00000000d5580000)
  object space 87040K, 99% used [0x0000000080000000,0x000000008548add0,0x0000000085500000)
 Metaspace       used 66115K, committed 67648K, reserved 1114112K
  class space    used 7078K, committed 7680K, reserved 1048576K
}
Event: 89.050 GC heap after
{Heap after GC invocations=113 (full 3):
 PSYoungGen      total 16896K, used 416K [0x00000000d5580000, 0x00000000d6700000, 0x0000000100000000)
  eden space 16384K, 0% used [0x00000000d5580000,0x00000000d5580000,0x00000000d6580000)
  from space 512K, 81% used [0x00000000d6680000,0x00000000d66e8000,0x00000000d6700000)
  to   space 512K, 0% used [0x00000000d6600000,0x00000000d6600000,0x00000000d6680000)
 ParOldGen       total 87040K, used 86747K [0x0000000080000000, 0x0000000085500000, 0x00000000d5580000)
  object space 87040K, 99% used [0x0000000080000000,0x00000000854b6dd0,0x0000000085500000)
 Metaspace       used 66115K, committed 67648K, reserved 1114112K
  class space    used 7078K, committed 7680K, reserved 1048576K
}
Event: 89.072 GC heap before
{Heap before GC invocations=114 (full 3):
 PSYoungGen      total 16896K, used 16719K [0x00000000d5580000, 0x00000000d6700000, 0x0000000100000000)
  eden space 16384K, 99% used [0x00000000d5580000,0x00000000d656bf68,0x00000000d6580000)
  from space 512K, 81% used [0x00000000d6680000,0x00000000d66e8000,0x00000000d6700000)
  to   space 512K, 0% used [0x00000000d6600000,0x00000000d6600000,0x00000000d6680000)
 ParOldGen       total 87040K, used 86747K [0x0000000080000000, 0x0000000085500000, 0x00000000d5580000)
  object space 87040K, 99% used [0x0000000080000000,0x00000000854b6dd0,0x0000000085500000)
 Metaspace       used 66126K, committed 67648K, reserved 1114112K
  class space    used 7081K, committed 7680K, reserved 1048576K
}
Event: 89.074 GC heap after
{Heap after GC invocations=114 (full 3):
 PSYoungGen      total 16896K, used 486K [0x00000000d5580000, 0x00000000d6780000, 0x0000000100000000)
  eden space 16384K, 0% used [0x00000000d5580000,0x00000000d5580000,0x00000000d6580000)
  from space 512K, 95% used [0x00000000d6600000,0x00000000d6679a40,0x00000000d6680000)
  to   space 1024K, 0% used [0x00000000d6680000,0x00000000d6680000,0x00000000d6780000)
 ParOldGen       total 87552K, used 87106K [0x0000000080000000, 0x0000000085580000, 0x00000000d5580000)
  object space 87552K, 99% used [0x0000000080000000,0x0000000085510810,0x0000000085580000)
 Metaspace       used 66126K, committed 67648K, reserved 1114112K
  class space    used 7081K, committed 7680K, reserved 1048576K
}
Event: 89.400 GC heap before
{Heap before GC invocations=115 (full 3):
 PSYoungGen      total 16896K, used 16870K [0x00000000d5580000, 0x00000000d6780000, 0x0000000100000000)
  eden space 16384K, 100% used [0x00000000d5580000,0x00000000d6580000,0x00000000d6580000)
  from space 512K, 95% used [0x00000000d6600000,0x00000000d6679a40,0x00000000d6680000)
  to   space 1024K, 0% used [0x00000000d6680000,0x00000000d6680000,0x00000000d6780000)
 ParOldGen       total 87552K, used 87106K [0x0000000080000000, 0x0000000085580000, 0x00000000d5580000)
  object space 87552K, 99% used [0x0000000080000000,0x0000000085510810,0x0000000085580000)
 Metaspace       used 67045K, committed 68480K, reserved 1114112K
  class space    used 7182K, committed 7744K, reserved 1048576K
}
Event: 89.404 GC heap after
{Heap after GC invocations=115 (full 3):
 PSYoungGen      total 15872K, used 992K [0x00000000d5580000, 0x00000000d6a80000, 0x0000000100000000)
  eden space 14848K, 0% used [0x00000000d5580000,0x00000000d5580000,0x00000000d6400000)
  from space 1024K, 96% used [0x00000000d6680000,0x00000000d6778020,0x00000000d6780000)
  to   space 2560K, 0% used [0x00000000d6400000,0x00000000d6400000,0x00000000d6680000)
 ParOldGen       total 88576K, used 88118K [0x0000000080000000, 0x0000000085680000, 0x00000000d5580000)
  object space 88576K, 99% used [0x0000000080000000,0x000000008560da30,0x0000000085680000)
 Metaspace       used 67045K, committed 68480K, reserved 1114112K
  class space    used 7182K, committed 7744K, reserved 1048576K
}
Event: 89.605 GC heap before
{Heap before GC invocations=116 (full 3):
 PSYoungGen      total 15872K, used 15840K [0x00000000d5580000, 0x00000000d6a80000, 0x0000000100000000)
  eden space 14848K, 100% used [0x00000000d5580000,0x00000000d6400000,0x00000000d6400000)
  from space 1024K, 96% used [0x00000000d6680000,0x00000000d6778020,0x00000000d6780000)
  to   space 2560K, 0% used [0x00000000d6400000,0x00000000d6400000,0x00000000d6680000)
 ParOldGen       total 88576K, used 88118K [0x0000000080000000, 0x0000000085680000, 0x00000000d5580000)
  object space 88576K, 99% used [0x0000000080000000,0x000000008560da30,0x0000000085680000)
 Metaspace       used 67308K, committed 68800K, reserved 1114112K
  class space    used 7192K, committed 7808K, reserved 1048576K
}
Event: 89.609 GC heap after
{Heap after GC invocations=116 (full 3):
 PSYoungGen      total 16896K, used 1603K [0x00000000d5580000, 0x00000000d6800000, 0x0000000100000000)
  eden space 14848K, 0% used [0x00000000d5580000,0x00000000d5580000,0x00000000d6400000)
  from space 2048K, 78% used [0x00000000d6400000,0x00000000d6590c68,0x00000000d6600000)
  to   space 2048K, 0% used [0x00000000d6600000,0x00000000d6600000,0x00000000d6800000)
 ParOldGen       total 89600K, used 89103K [0x0000000080000000, 0x0000000085780000, 0x00000000d5580000)
  object space 89600K, 99% used [0x0000000080000000,0x0000000085703e18,0x0000000085780000)
 Metaspace       used 67308K, committed 68800K, reserved 1114112K
  class space    used 7192K, committed 7808K, reserved 1048576K
}
Event: 90.189 GC heap before
{Heap before GC invocations=117 (full 3):
 PSYoungGen      total 16896K, used 16451K [0x00000000d5580000, 0x00000000d6800000, 0x0000000100000000)
  eden space 14848K, 100% used [0x00000000d5580000,0x00000000d6400000,0x00000000d6400000)
  from space 2048K, 78% used [0x00000000d6400000,0x00000000d6590c68,0x00000000d6600000)
  to   space 2048K, 0% used [0x00000000d6600000,0x00000000d6600000,0x00000000d6800000)
 ParOldGen       total 89600K, used 89103K [0x0000000080000000, 0x0000000085780000, 0x00000000d5580000)
  object space 89600K, 99% used [0x0000000080000000,0x0000000085703e18,0x0000000085780000)
 Metaspace       used 68334K, committed 69824K, reserved 1114112K
  class space    used 7274K, committed 7872K, reserved 1048576K
}
Event: 90.192 GC heap after
{Heap after GC invocations=117 (full 3):
 PSYoungGen      total 16384K, used 1074K [0x00000000d5580000, 0x00000000d6780000, 0x0000000100000000)
  eden space 14848K, 0% used [0x00000000d5580000,0x00000000d5580000,0x00000000d6400000)
  from space 1536K, 69% used [0x00000000d6600000,0x00000000d670cbc0,0x00000000d6780000)
  to   space 1536K, 0% used [0x00000000d6480000,0x00000000d6480000,0x00000000d6600000)
 ParOldGen       total 90624K, used 90235K [0x0000000080000000, 0x0000000085880000, 0x00000000d5580000)
  object space 90624K, 99% used [0x0000000080000000,0x000000008581edf0,0x0000000085880000)
 Metaspace       used 68334K, committed 69824K, reserved 1114112K
  class space    used 7274K, committed 7872K, reserved 1048576K
}
Event: 90.938 GC heap before
{Heap before GC invocations=118 (full 3):
 PSYoungGen      total 16384K, used 15900K [0x00000000d5580000, 0x00000000d6780000, 0x0000000100000000)
  eden space 14848K, 99% used [0x00000000d5580000,0x00000000d63fa768,0x00000000d6400000)
  from space 1536K, 69% used [0x00000000d6600000,0x00000000d670cbc0,0x00000000d6780000)
  to   space 1536K, 0% used [0x00000000d6480000,0x00000000d6480000,0x00000000d6600000)
 ParOldGen       total 90624K, used 90235K [0x0000000080000000, 0x0000000085880000, 0x00000000d5580000)
  object space 90624K, 99% used [0x0000000080000000,0x000000008581edf0,0x0000000085880000)
 Metaspace       used 69631K, committed 71168K, reserved 1114112K
  class space    used 7436K, committed 8064K, reserved 1048576K
}
Event: 90.940 GC heap after
{Heap after GC invocations=118 (full 3):
 PSYoungGen      total 16384K, used 1535K [0x00000000d5580000, 0x00000000d6a00000, 0x0000000100000000)
  eden space 14848K, 0% used [0x00000000d5580000,0x00000000d5580000,0x00000000d6400000)
  from space 1536K, 99% used [0x00000000d6480000,0x00000000d65fff20,0x00000000d6600000)
  to   space 3072K, 0% used [0x00000000d6700000,0x00000000d6700000,0x00000000d6a00000)
 ParOldGen       total 91648K, used 91259K [0x0000000080000000, 0x0000000085980000, 0x00000000d5580000)
  object space 91648K, 99% used [0x0000000080000000,0x000000008591ef88,0x0000000085980000)
 Metaspace       used 69631K, committed 71168K, reserved 1114112K
  class space    used 7436K, committed 8064K, reserved 1048576K
}

