# JRE version: OpenJDK Runtime Environment Temurin-21.0.10+7 (21.0.10+7) (build 21.0.10+7-LTS)
# Java VM: OpenJDK 64-Bit Server VM Temurin-21.0.10+7 (21.0.10+7-LTS, mixed mode, sharing, tiered, compressed oops, compressed class ptrs, parallel gc, windows-amd64)
GC Precious Log:
 CardTable entry size: 512
 CPUs: 12 total, 12 available
 Memory: 15676M
 Large Page Support: Disabled
 NUMA Support: Disabled
 Compressed Oops: Enabled (32-bit)
 Alignments: Space 512K, Generation 512K, Heap 2M
 Heap Min Capacity: 100M
 Heap Initial Capacity: 100M
 Heap Max Capacity: 2G
 Pre-touch: Disabled
 Parallel Workers: 10
Heap:
 PSYoungGen      total 3584K, used 1692K [0x00000000d5580000, 0x00000000d5980000, 0x0000000100000000)
  eden space 2560K, 54% used [0x00000000d5580000,0x00000000d56df008,0x00000000d5800000)
  from space 1024K, 28% used [0x00000000d5800000,0x00000000d5848000,0x00000000d5900000)
  to   space 512K, 0% used [0x00000000d5900000,0x00000000d5900000,0x00000000d5980000)
 ParOldGen       total 961024K, used 960605K [0x0000000080000000, 0x00000000baa80000, 0x00000000d5580000)
  object space 961024K, 99% used [0x0000000080000000,0x00000000baa17688,0x00000000baa80000)
 Metaspace       used 93359K, committed 95104K, reserved 1179648K
  class space    used 9592K, committed 10368K, reserved 1048576K
GC Heap History (20 events):
Event: 359781.441 GC heap before
{Heap before GC invocations=2665 (full 7):
 PSYoungGen      total 3584K, used 3136K [0x00000000d5580000, 0x00000000d5a00000, 0x0000000100000000)
  eden space 2560K, 100% used [0x00000000d5580000,0x00000000d5800000,0x00000000d5800000)
  from space 1024K, 56% used [0x00000000d5800000,0x00000000d5890000,0x00000000d5900000)
  to   space 1024K, 0% used [0x00000000d5900000,0x00000000d5900000,0x00000000d5a00000)
 ParOldGen       total 957440K, used 957049K [0x0000000080000000, 0x00000000ba700000, 0x00000000d5580000)
  object space 957440K, 99% used [0x0000000080000000,0x00000000ba69e5b8,0x00000000ba700000)
 Metaspace       used 93339K, committed 95104K, reserved 1179648K
  class space    used 9592K, committed 10368K, reserved 1048576K
}
Event: 359781.443 GC heap after
{Heap after GC invocations=2665 (full 7):
 PSYoungGen      total 3072K, used 320K [0x00000000d5580000, 0x00000000d5980000, 0x0000000100000000)
  eden space 2560K, 0% used [0x00000000d5580000,0x00000000d5580000,0x00000000d5800000)
  from space 512K, 62% used [0x00000000d5900000,0x00000000d5950000,0x00000000d5980000)
  to   space 512K, 0% used [0x00000000d5880000,0x00000000d5880000,0x00000000d5900000)
 ParOldGen       total 957952K, used 957497K [0x0000000080000000, 0x00000000ba780000, 0x00000000d5580000)
  object space 957952K, 99% used [0x0000000080000000,0x00000000ba70e5b8,0x00000000ba780000)
 Metaspace       used 93339K, committed 95104K, reserved 1179648K
  class space    used 9592K, committed 10368K, reserved 1048576K
}
Event: 359982.180 GC heap before
{Heap before GC invocations=2666 (full 7):
 PSYoungGen      total 3072K, used 2879K [0x00000000d5580000, 0x00000000d5980000, 0x0000000100000000)
  eden space 2560K, 99% used [0x00000000d5580000,0x00000000d57ffec0,0x00000000d5800000)
  from space 512K, 62% used [0x00000000d5900000,0x00000000d5950000,0x00000000d5980000)
  to   space 512K, 0% used [0x00000000d5880000,0x00000000d5880000,0x00000000d5900000)
 ParOldGen       total 957952K, used 957497K [0x0000000080000000, 0x00000000ba780000, 0x00000000d5580000)
  object space 957952K, 99% used [0x0000000080000000,0x00000000ba70e5b8,0x00000000ba780000)
 Metaspace       used 93341K, committed 95104K, reserved 1179648K
  class space    used 9592K, committed 10368K, reserved 1048576K
}
Event: 359982.401 GC heap after
{Heap after GC invocations=2666 (full 7):
 PSYoungGen      total 3072K, used 288K [0x00000000d5580000, 0x00000000d5980000, 0x0000000100000000)
  eden space 2560K, 0% used [0x00000000d5580000,0x00000000d5580000,0x00000000d5800000)
  from space 512K, 56% used [0x00000000d5880000,0x00000000d58c8000,0x00000000d5900000)
  to   space 512K, 0% used [0x00000000d5900000,0x00000000d5900000,0x00000000d5980000)
 ParOldGen       total 957952K, used 957529K [0x0000000080000000, 0x00000000ba780000, 0x00000000d5580000)
  object space 957952K, 99% used [0x0000000080000000,0x00000000ba7165b8,0x00000000ba780000)
 Metaspace       used 93341K, committed 95104K, reserved 1179648K
  class space    used 9592K, committed 10368K, reserved 1048576K
}
Event: 359982.680 GC heap before
{Heap before GC invocations=2667 (full 7):
 PSYoungGen      total 3072K, used 2848K [0x00000000d5580000, 0x00000000d5980000, 0x0000000100000000)
  eden space 2560K, 100% used [0x00000000d5580000,0x00000000d5800000,0x00000000d5800000)
  from space 512K, 56% used [0x00000000d5880000,0x00000000d58c8000,0x00000000d5900000)
  to   space 512K, 0% used [0x00000000d5900000,0x00000000d5900000,0x00000000d5980000)
 ParOldGen       total 957952K, used 957529K [0x0000000080000000, 0x00000000ba780000, 0x00000000d5580000)
  object space 957952K, 99% used [0x0000000080000000,0x00000000ba7165b8,0x00000000ba780000)
 Metaspace       used 93341K, committed 95104K, reserved 1179648K
  class space    used 9592K, committed 10368K, reserved 1048576K
}
Event: 359982.687 GC heap after
{Heap after GC invocations=2667 (full 7):
 PSYoungGen      total 3072K, used 506K [0x00000000d5580000, 0x00000000d5a00000, 0x0000000100000000)
  eden space 2560K, 0% used [0x00000000d5580000,0x00000000d5580000,0x00000000d5800000)
  from space 512K, 98% used [0x00000000d5900000,0x00000000d597e920,0x00000000d5980000)
  to   space 1024K, 0% used [0x00000000d5800000,0x00000000d5800000,0x00000000d5900000)
 ParOldGen       total 957952K, used 957629K [0x0000000080000000, 0x00000000ba780000, 0x00000000d5580000)
  object space 957952K, 99% used [0x0000000080000000,0x00000000ba72f5c8,0x00000000ba780000)
 Metaspace       used 93341K, committed 95104K, reserved 1179648K
  class space    used 9592K, committed 10368K, reserved 1048576K
}
Event: 359982.885 GC heap before
{Heap before GC invocations=2668 (full 7):
 PSYoungGen      total 3072K, used 3066K [0x00000000d5580000, 0x00000000d5a00000, 0x0000000100000000)
  eden space 2560K, 100% used [0x00000000d5580000,0x00000000d5800000,0x00000000d5800000)
  from space 512K, 98% used [0x00000000d5900000,0x00000000d597e920,0x00000000d5980000)
  to   space 1024K, 0% used [0x00000000d5800000,0x00000000d5800000,0x00000000d5900000)
 ParOldGen       total 957952K, used 957629K [0x0000000080000000, 0x00000000ba780000, 0x00000000d5580000)
  object space 957952K, 99% used [0x0000000080000000,0x00000000ba72f5c8,0x00000000ba780000)
 Metaspace       used 93341K, committed 95104K, reserved 1179648K
  class space    used 9592K, committed 10368K, reserved 1048576K
}
Event: 359982.910 GC heap after
{Heap after GC invocations=2668 (full 7):
 PSYoungGen      total 3584K, used 672K [0x00000000d5580000, 0x00000000d5a00000, 0x0000000100000000)
  eden space 2560K, 0% used [0x00000000d5580000,0x00000000d5580000,0x00000000d5800000)
  from space 1024K, 65% used [0x00000000d5800000,0x00000000d58a8000,0x00000000d5900000)
  to   space 1024K, 0% used [0x00000000d5900000,0x00000000d5900000,0x00000000d5a00000)
 ParOldGen       total 958464K, used 957997K [0x0000000080000000, 0x00000000ba800000, 0x00000000d5580000)
  object space 958464K, 99% used [0x0000000080000000,0x00000000ba78b7f8,0x00000000ba800000)
 Metaspace       used 93341K, committed 95104K, reserved 1179648K
  class space    used 9592K, committed 10368K, reserved 1048576K
}
Event: 359983.090 GC heap before
{Heap before GC invocations=2669 (full 7):
 PSYoungGen      total 3584K, used 3232K [0x00000000d5580000, 0x00000000d5a00000, 0x0000000100000000)
  eden space 2560K, 100% used [0x00000000d5580000,0x00000000d5800000,0x00000000d5800000)
  from space 1024K, 65% used [0x00000000d5800000,0x00000000d58a8000,0x00000000d5900000)
  to   space 1024K, 0% used [0x00000000d5900000,0x00000000d5900000,0x00000000d5a00000)
 ParOldGen       total 958464K, used 957997K [0x0000000080000000, 0x00000000ba800000, 0x00000000d5580000)
  object space 958464K, 99% used [0x0000000080000000,0x00000000ba78b7f8,0x00000000ba800000)
 Metaspace       used 93341K, committed 95104K, reserved 1179648K
  class space    used 9592K, committed 10368K, reserved 1048576K
}
Event: 359983.093 GC heap after
{Heap after GC invocations=2669 (full 7):
 PSYoungGen      total 3584K, used 538K [0x00000000d5580000, 0x00000000d5a00000, 0x0000000100000000)
  eden space 2560K, 0% used [0x00000000d5580000,0x00000000d5580000,0x00000000d5800000)
  from space 1024K, 52% used [0x00000000d5900000,0x00000000d5986900,0x00000000d5a00000)
  to   space 1024K, 0% used [0x00000000d5800000,0x00000000d5800000,0x00000000d5900000)
 ParOldGen       total 958976K, used 958525K [0x0000000080000000, 0x00000000ba880000, 0x00000000d5580000)
  object space 958976K, 99% used [0x0000000080000000,0x00000000ba80f7f8,0x00000000ba880000)
 Metaspace       used 93341K, committed 95104K, reserved 1179648K
  class space    used 9592K, committed 10368K, reserved 1048576K
}
Event: 359983.126 GC heap before
{Heap before GC invocations=2670 (full 7):
 PSYoungGen      total 3584K, used 3098K [0x00000000d5580000, 0x00000000d5a00000, 0x0000000100000000)
  eden space 2560K, 100% used [0x00000000d5580000,0x00000000d5800000,0x00000000d5800000)
  from space 1024K, 52% used [0x00000000d5900000,0x00000000d5986900,0x00000000d5a00000)
  to   space 1024K, 0% used [0x00000000d5800000,0x00000000d5800000,0x00000000d5900000)
 ParOldGen       total 958976K, used 958525K [0x0000000080000000, 0x00000000ba880000, 0x00000000d5580000)
  object space 958976K, 99% used [0x0000000080000000,0x00000000ba80f7f8,0x00000000ba880000)
 Metaspace       used 93341K, committed 95104K, reserved 1179648K
  class space    used 9592K, committed 10368K, reserved 1048576K
}
Event: 359983.133 GC heap after
{Heap after GC invocations=2670 (full 7):
 PSYoungGen      total 3584K, used 704K [0x00000000d5580000, 0x00000000d5a00000, 0x0000000100000000)
  eden space 2560K, 0% used [0x00000000d5580000,0x00000000d5580000,0x00000000d5800000)
  from space 1024K, 68% used [0x00000000d5800000,0x00000000d58b0000,0x00000000d5900000)
  to   space 1024K, 0% used [0x00000000d5900000,0x00000000d5900000,0x00000000d5a00000)
 ParOldGen       total 958976K, used 958882K [0x0000000080000000, 0x00000000ba880000, 0x00000000d5580000)
  object space 958976K, 99% used [0x0000000080000000,0x00000000ba8689f8,0x00000000ba880000)
 Metaspace       used 93341K, committed 95104K, reserved 1179648K
  class space    used 9592K, committed 10368K, reserved 1048576K
}
Event: 360582.343 GC heap before
{Heap before GC invocations=2671 (full 7):
 PSYoungGen      total 3584K, used 3263K [0x00000000d5580000, 0x00000000d5a00000, 0x0000000100000000)
  eden space 2560K, 99% used [0x00000000d5580000,0x00000000d57fffd8,0x00000000d5800000)
  from space 1024K, 68% used [0x00000000d5800000,0x00000000d58b0000,0x00000000d5900000)
  to   space 1024K, 0% used [0x00000000d5900000,0x00000000d5900000,0x00000000d5a00000)
 ParOldGen       total 958976K, used 958882K [0x0000000080000000, 0x00000000ba880000, 0x00000000d5580000)
  object space 958976K, 99% used [0x0000000080000000,0x00000000ba8689f8,0x00000000ba880000)
 Metaspace       used 93344K, committed 95104K, reserved 1179648K
  class space    used 9592K, committed 10368K, reserved 1048576K
}
Event: 360582.587 GC heap after
{Heap after GC invocations=2671 (full 7):
 PSYoungGen      total 3584K, used 692K [0x00000000d5580000, 0x00000000d5a00000, 0x0000000100000000)
  eden space 2560K, 0% used [0x00000000d5580000,0x00000000d5580000,0x00000000d5800000)
  from space 1024K, 67% used [0x00000000d5900000,0x00000000d59ad220,0x00000000d5a00000)
  to   space 1024K, 0% used [0x00000000d5800000,0x00000000d5800000,0x00000000d5900000)
 ParOldGen       total 959488K, used 959442K [0x0000000080000000, 0x00000000ba900000, 0x00000000d5580000)
  object space 959488K, 99% used [0x0000000080000000,0x00000000ba8f49f8,0x00000000ba900000)
 Metaspace       used 93344K, committed 95104K, reserved 1179648K
  class space    used 9592K, committed 10368K, reserved 1048576K
}
Event: 360582.748 GC heap before
{Heap before GC invocations=2672 (full 7):
 PSYoungGen      total 3584K, used 3252K [0x00000000d5580000, 0x00000000d5a00000, 0x0000000100000000)
  eden space 2560K, 100% used [0x00000000d5580000,0x00000000d5800000,0x00000000d5800000)
  from space 1024K, 67% used [0x00000000d5900000,0x00000000d59ad220,0x00000000d5a00000)
  to   space 1024K, 0% used [0x00000000d5800000,0x00000000d5800000,0x00000000d5900000)
 ParOldGen       total 959488K, used 959442K [0x0000000080000000, 0x00000000ba900000, 0x00000000d5580000)
  object space 959488K, 99% used [0x0000000080000000,0x00000000ba8f49f8,0x00000000ba900000)
 Metaspace       used 93344K, committed 95104K, reserved 1179648K
  class space    used 9592K, committed 10368K, reserved 1048576K
}
Event: 360582.760 GC heap after
{Heap after GC invocations=2672 (full 7):
 PSYoungGen      total 3584K, used 672K [0x00000000d5580000, 0x00000000d5a00000, 0x0000000100000000)
  eden space 2560K, 0% used [0x00000000d5580000,0x00000000d5580000,0x00000000d5800000)
  from space 1024K, 65% used [0x00000000d5800000,0x00000000d58a8020,0x00000000d5900000)
  to   space 1024K, 0% used [0x00000000d5900000,0x00000000d5900000,0x00000000d5a00000)
 ParOldGen       total 960000K, used 959926K [0x0000000080000000, 0x00000000ba980000, 0x00000000d5580000)
  object space 960000K, 99% used [0x0000000080000000,0x00000000ba96d930,0x00000000ba980000)
 Metaspace       used 93344K, committed 95104K, reserved 1179648K
  class space    used 9592K, committed 10368K, reserved 1048576K
}
Event: 360582.858 GC heap before
{Heap before GC invocations=2673 (full 7):
 PSYoungGen      total 3584K, used 3232K [0x00000000d5580000, 0x00000000d5a00000, 0x0000000100000000)
  eden space 2560K, 100% used [0x00000000d5580000,0x00000000d5800000,0x00000000d5800000)
  from space 1024K, 65% used [0x00000000d5800000,0x00000000d58a8020,0x00000000d5900000)
  to   space 1024K, 0% used [0x00000000d5900000,0x00000000d5900000,0x00000000d5a00000)
 ParOldGen       total 960000K, used 959926K [0x0000000080000000, 0x00000000ba980000, 0x00000000d5580000)
  object space 960000K, 99% used [0x0000000080000000,0x00000000ba96d930,0x00000000ba980000)
 Metaspace       used 93347K, committed 95104K, reserved 1179648K
  class space    used 9592K, committed 10368K, reserved 1048576K
}
Event: 360582.865 GC heap after
{Heap after GC invocations=2673 (full 7):
 PSYoungGen      total 3584K, used 698K [0x00000000d5580000, 0x00000000d5a00000, 0x0000000100000000)
  eden space 2560K, 0% used [0x00000000d5580000,0x00000000d5580000,0x00000000d5800000)
  from space 1024K, 68% used [0x00000000d5900000,0x00000000d59ae920,0x00000000d5a00000)
  to   space 1024K, 0% used [0x00000000d5800000,0x00000000d5800000,0x00000000d5900000)
 ParOldGen       total 960512K, used 960406K [0x0000000080000000, 0x00000000baa00000, 0x00000000d5580000)
  object space 960512K, 99% used [0x0000000080000000,0x00000000ba9e5950,0x00000000baa00000)
 Metaspace       used 93347K, committed 95104K, reserved 1179648K
  class space    used 9592K, committed 10368K, reserved 1048576K
}
Event: 360585.497 GC heap before
{Heap before GC invocations=2674 (full 7):
 PSYoungGen      total 3584K, used 3258K [0x00000000d5580000, 0x00000000d5a00000, 0x0000000100000000)
  eden space 2560K, 99% used [0x00000000d5580000,0x00000000d57ffff8,0x00000000d5800000)
  from space 1024K, 68% used [0x00000000d5900000,0x00000000d59ae920,0x00000000d5a00000)
  to   space 1024K, 0% used [0x00000000d5800000,0x00000000d5800000,0x00000000d5900000)
 ParOldGen       total 960512K, used 960406K [0x0000000080000000, 0x00000000baa00000, 0x00000000d5580000)
  object space 960512K, 99% used [0x0000000080000000,0x00000000ba9e5950,0x00000000baa00000)
 Metaspace       used 93354K, committed 95104K, reserved 1179648K
  class space    used 9592K, committed 10368K, reserved 1048576K
}
Event: 360585.500 GC heap after
{Heap after GC invocations=2674 (full 7):
 PSYoungGen      total 3584K, used 288K [0x00000000d5580000, 0x00000000d5980000, 0x0000000100000000)
  eden space 2560K, 0% used [0x00000000d5580000,0x00000000d5580000,0x00000000d5800000)
  from space 1024K, 28% used [0x00000000d5800000,0x00000000d5848000,0x00000000d5900000)
  to   space 512K, 0% used [0x00000000d5900000,0x00000000d5900000,0x00000000d5980000)
 ParOldGen       total 961024K, used 960605K [0x0000000080000000, 0x00000000baa80000, 0x00000000d5580000)
  object space 961024K, 99% used [0x0000000080000000,0x00000000baa17688,0x00000000baa80000)
 Metaspace       used 93354K, committed 95104K, reserved 1179648K
  class space    used 9592K, committed 10368K, reserved 1048576K
}

